This file contains any messages produced by compilers while
running configure, to aid debugging if configure makes a mistake.

It was created by configure, which was
generated by GNU Autoconf 2.59.  Invocation command line was

  $ ./configure 

## --------- ##
## Platform. ##
## --------- ##

hostname = box
uname -m = i686
uname -r = 2.6.35-28-generic-pae
uname -s = Linux
uname -v = #50-Ubuntu SMP Fri Mar 18 20:43:15 UTC 2011

/usr/bin/uname -p = unknown
/bin/uname -X     = unknown

/bin/arch              = unknown
/usr/bin/arch -k       = unknown
/usr/convex/getsysinfo = unknown
hostinfo               = unknown
/bin/machine           = unknown
/usr/bin/oslevel       = unknown
/bin/universe          = unknown

PATH: /opt/Matlab/bin
PATH: /usr/local/cuda/bin
PATH: /home/rghunter/toolchains/arm-angstrom/bin
PATH: /home/rghunter/toolchains/gcc-arm-none-eabi-4_6-2012q1/bin
PATH: /scripts
PATH: /usr/lib/lightdm/lightdm
PATH: /usr/local/sbin
PATH: /usr/local/bin
PATH: /usr/sbin
PATH: /usr/bin
PATH: /sbin
PATH: /bin
PATH: /usr/games
PATH: /home/rghunter/khepera3toolbox/Scripts
PATH: /home/rghunter/OpenPilot/build/ground/openpilotgcs/bin


## ----------- ##
## Core tests. ##
## ----------- ##

configure:1338: checking for a BSD-compatible install
configure:1393: result: /usr/bin/install -c
configure:1404: checking whether build environment is sane
configure:1447: result: yes
configure:1480: checking for gawk
configure:1496: found /usr/bin/gawk
configure:1506: result: gawk
configure:1516: checking whether make sets $(MAKE)
configure:1536: result: yes
configure:1707: checking for style of include used by make
configure:1735: result: GNU
configure:1806: checking for gcc
configure:1822: found /usr/bin/gcc
configure:1832: result: gcc
configure:2076: checking for C compiler version
configure:2079: gcc --version </dev/null >&5
gcc-4.6.real (Ubuntu/Linaro 4.6.1-9ubuntu3) 4.6.1
Copyright (C) 2011 Free Software Foundation, Inc.
This is free software; see the source for copying conditions.  There is NO
warranty; not even for MERCHANTABILITY or FITNESS FOR A PARTICULAR PURPOSE.

configure:2082: $? = 0
configure:2084: gcc -v </dev/null >&5
Using built-in specs.
COLLECT_GCC=/usr/bin/gcc-4.6.real
COLLECT_LTO_WRAPPER=/usr/lib/gcc/i686-linux-gnu/4.6.1/lto-wrapper
Target: i686-linux-gnu
Configured with: ../src/configure -v --with-pkgversion='Ubuntu/Linaro 4.6.1-9ubuntu3' --with-bugurl=file:///usr/share/doc/gcc-4.6/README.Bugs --enable-languages=c,c++,fortran,objc,obj-c++,go --prefix=/usr --program-suffix=-4.6 --enable-shared --enable-linker-build-id --with-system-zlib --libexecdir=/usr/lib --without-included-gettext --enable-threads=posix --with-gxx-include-dir=/usr/include/c++/4.6 --libdir=/usr/lib --enable-nls --with-sysroot=/ --enable-clocale=gnu --enable-libstdcxx-debug --enable-libstdcxx-time=yes --enable-plugin --enable-objc-gc --enable-targets=all --disable-werror --with-arch-32=i686 --with-tune=generic --enable-checking=release --build=i686-linux-gnu --host=i686-linux-gnu --target=i686-linux-gnu
Thread model: posix
gcc version 4.6.1 (Ubuntu/Linaro 4.6.1-9ubuntu3) 
configure:2087: $? = 0
configure:2089: gcc -V </dev/null >&5
gcc-4.6.real: error: unrecognized option '-V'
gcc-4.6.real: fatal error: no input files
compilation terminated.
configure:2092: $? = 4
configure:2115: checking for C compiler default output file name
configure:2118: gcc    conftest.c  >&5
configure:2121: $? = 0
configure:2167: result: a.out
configure:2172: checking whether the C compiler works
configure:2178: ./a.out
configure:2181: $? = 0
configure:2198: result: yes
configure:2205: checking whether we are cross compiling
configure:2207: result: no
configure:2210: checking for suffix of executables
configure:2212: gcc -o conftest    conftest.c  >&5
configure:2215: $? = 0
configure:2240: result: 
configure:2246: checking for suffix of object files
configure:2267: gcc -c   conftest.c >&5
configure:2270: $? = 0
configure:2292: result: o
configure:2296: checking whether we are using the GNU C compiler
configure:2320: gcc -c   conftest.c >&5
configure:2326: $? = 0
configure:2330: test -z 
			 || test ! -s conftest.err
configure:2333: $? = 0
configure:2336: test -s conftest.o
configure:2339: $? = 0
configure:2352: result: yes
configure:2358: checking whether gcc accepts -g
configure:2379: gcc -c -g  conftest.c >&5
configure:2385: $? = 0
configure:2389: test -z 
			 || test ! -s conftest.err
configure:2392: $? = 0
configure:2395: test -s conftest.o
configure:2398: $? = 0
configure:2409: result: yes
configure:2426: checking for gcc option to accept ANSI C
configure:2496: gcc  -c -g -O2  conftest.c >&5
configure:2502: $? = 0
configure:2506: test -z 
			 || test ! -s conftest.err
configure:2509: $? = 0
configure:2512: test -s conftest.o
configure:2515: $? = 0
configure:2533: result: none needed
configure:2551: gcc -c -g -O2  conftest.c >&5
conftest.c:2:3: error: unknown type name 'choke'
conftest.c:2:3: error: expected '=', ',', ';', 'asm' or '__attribute__' at end of input
configure:2557: $? = 1
configure: failed program was:
| #ifndef __cplusplus
|   choke me
| #endif
configure:2692: checking dependency style of gcc
configure:2754: result: gcc3
configure:2761: checking for strerror in -lcposix
configure:2791: gcc -o conftest -g -O2   conftest.c -lcposix   >&5
/usr/bin/ld.bfd.real: cannot find -lcposix
collect2: ld returned 1 exit status
configure:2797: $? = 1
configure: failed program was:
| /* confdefs.h.  */
| 
| #define PACKAGE_NAME ""
| #define PACKAGE_TARNAME ""
| #define PACKAGE_VERSION ""
| #define PACKAGE_STRING ""
| #define PACKAGE_BUGREPORT ""
| #define PACKAGE "slsnif"
| #define VERSION "0.4.4"
| /* end confdefs.h.  */
| 
| /* Override any gcc2 internal prototype to avoid an error.  */
| #ifdef __cplusplus
| extern "C"
| #endif
| /* We use char because int might match the return type of a gcc2
|    builtin and then its argument prototype would still apply.  */
| char strerror ();
| int
| main ()
| {
| strerror ();
|   ;
|   return 0;
| }
configure:2823: result: no
configure:2877: checking for gcc
configure:2903: result: gcc
configure:3147: checking for C compiler version
configure:3150: gcc --version </dev/null >&5
gcc-4.6.real (Ubuntu/Linaro 4.6.1-9ubuntu3) 4.6.1
Copyright (C) 2011 Free Software Foundation, Inc.
This is free software; see the source for copying conditions.  There is NO
warranty; not even for MERCHANTABILITY or FITNESS FOR A PARTICULAR PURPOSE.

configure:3153: $? = 0
configure:3155: gcc -v </dev/null >&5
Using built-in specs.
COLLECT_GCC=/usr/bin/gcc-4.6.real
COLLECT_LTO_WRAPPER=/usr/lib/gcc/i686-linux-gnu/4.6.1/lto-wrapper
Target: i686-linux-gnu
Configured with: ../src/configure -v --with-pkgversion='Ubuntu/Linaro 4.6.1-9ubuntu3' --with-bugurl=file:///usr/share/doc/gcc-4.6/README.Bugs --enable-languages=c,c++,fortran,objc,obj-c++,go --prefix=/usr --program-suffix=-4.6 --enable-shared --enable-linker-build-id --with-system-zlib --libexecdir=/usr/lib --without-included-gettext --enable-threads=posix --with-gxx-include-dir=/usr/include/c++/4.6 --libdir=/usr/lib --enable-nls --with-sysroot=/ --enable-clocale=gnu --enable-libstdcxx-debug --enable-libstdcxx-time=yes --enable-plugin --enable-objc-gc --enable-targets=all --disable-werror --with-arch-32=i686 --with-tune=generic --enable-checking=release --build=i686-linux-gnu --host=i686-linux-gnu --target=i686-linux-gnu
Thread model: posix
gcc version 4.6.1 (Ubuntu/Linaro 4.6.1-9ubuntu3) 
configure:3158: $? = 0
configure:3160: gcc -V </dev/null >&5
gcc-4.6.real: error: unrecognized option '-V'
gcc-4.6.real: fatal error: no input files
compilation terminated.
configure:3163: $? = 4
configure:3166: checking whether we are using the GNU C compiler
configure:3222: result: yes
configure:3228: checking whether gcc accepts -g
configure:3279: result: yes
configure:3296: checking for gcc option to accept ANSI C
configure:3403: result: none needed
configure:3421: gcc -c -g -O2  conftest.c >&5
conftest.c:2:3: error: unknown type name 'choke'
conftest.c:2:3: error: expected '=', ',', ';', 'asm' or '__attribute__' at end of input
configure:3427: $? = 1
configure: failed program was:
| #ifndef __cplusplus
|   choke me
| #endif
configure:3562: checking dependency style of gcc
configure:3624: result: gcc3
configure:3642: checking for a BSD-compatible install
configure:3697: result: /usr/bin/install -c
configure:3708: checking whether make sets $(MAKE)
configure:3728: result: yes
configure:3743: checking how to run the C preprocessor
configure:3778: gcc -E  conftest.c
configure:3784: $? = 0
configure:3816: gcc -E  conftest.c
conftest.c:11:28: fatal error: ac_nonexistent.h: No such file or directory
compilation terminated.
configure:3822: $? = 1
configure: failed program was:
| /* confdefs.h.  */
| 
| #define PACKAGE_NAME ""
| #define PACKAGE_TARNAME ""
| #define PACKAGE_VERSION ""
| #define PACKAGE_STRING ""
| #define PACKAGE_BUGREPORT ""
| #define PACKAGE "slsnif"
| #define VERSION "0.4.4"
| /* end confdefs.h.  */
| #include <ac_nonexistent.h>
configure:3861: result: gcc -E
configure:3885: gcc -E  conftest.c
configure:3891: $? = 0
configure:3923: gcc -E  conftest.c
conftest.c:11:28: fatal error: ac_nonexistent.h: No such file or directory
compilation terminated.
configure:3929: $? = 1
configure: failed program was:
| /* confdefs.h.  */
| 
| #define PACKAGE_NAME ""
| #define PACKAGE_TARNAME ""
| #define PACKAGE_VERSION ""
| #define PACKAGE_STRING ""
| #define PACKAGE_BUGREPORT ""
| #define PACKAGE "slsnif"
| #define VERSION "0.4.4"
| /* end confdefs.h.  */
| #include <ac_nonexistent.h>
configure:3973: checking for egrep
configure:3983: result: grep -E
configure:3988: checking for ANSI C header files
configure:4013: gcc -c -g -O2  conftest.c >&5
configure:4019: $? = 0
configure:4023: test -z 
			 || test ! -s conftest.err
configure:4026: $? = 0
configure:4029: test -s conftest.o
configure:4032: $? = 0
configure:4121: gcc -o conftest -g -O2   conftest.c  >&5
conftest.c: In function 'main':
conftest.c:28:7: warning: incompatible implicit declaration of built-in function 'exit' [enabled by default]
configure:4124: $? = 0
configure:4126: ./conftest
configure:4129: $? = 0
configure:4144: result: yes
configure:4168: checking for sys/types.h
configure:4184: gcc -c -g -O2  conftest.c >&5
configure:4190: $? = 0
configure:4194: test -z 
			 || test ! -s conftest.err
configure:4197: $? = 0
configure:4200: test -s conftest.o
configure:4203: $? = 0
configure:4214: result: yes
configure:4168: checking for sys/stat.h
configure:4184: gcc -c -g -O2  conftest.c >&5
configure:4190: $? = 0
configure:4194: test -z 
			 || test ! -s conftest.err
configure:4197: $? = 0
configure:4200: test -s conftest.o
configure:4203: $? = 0
configure:4214: result: yes
configure:4168: checking for stdlib.h
configure:4184: gcc -c -g -O2  conftest.c >&5
configure:4190: $? = 0
configure:4194: test -z 
			 || test ! -s conftest.err
configure:4197: $? = 0
configure:4200: test -s conftest.o
configure:4203: $? = 0
configure:4214: result: yes
configure:4168: checking for string.h
configure:4184: gcc -c -g -O2  conftest.c >&5
configure:4190: $? = 0
configure:4194: test -z 
			 || test ! -s conftest.err
configure:4197: $? = 0
configure:4200: test -s conftest.o
configure:4203: $? = 0
configure:4214: result: yes
configure:4168: checking for memory.h
configure:4184: gcc -c -g -O2  conftest.c >&5
configure:4190: $? = 0
configure:4194: test -z 
			 || test ! -s conftest.err
configure:4197: $? = 0
configure:4200: test -s conftest.o
configure:4203: $? = 0
configure:4214: result: yes
configure:4168: checking for strings.h
configure:4184: gcc -c -g -O2  conftest.c >&5
configure:4190: $? = 0
configure:4194: test -z 
			 || test ! -s conftest.err
configure:4197: $? = 0
configure:4200: test -s conftest.o
configure:4203: $? = 0
configure:4214: result: yes
configure:4168: checking for inttypes.h
configure:4184: gcc -c -g -O2  conftest.c >&5
configure:4190: $? = 0
configure:4194: test -z 
			 || test ! -s conftest.err
configure:4197: $? = 0
configure:4200: test -s conftest.o
configure:4203: $? = 0
configure:4214: result: yes
configure:4168: checking for stdint.h
configure:4184: gcc -c -g -O2  conftest.c >&5
configure:4190: $? = 0
configure:4194: test -z 
			 || test ! -s conftest.err
configure:4197: $? = 0
configure:4200: test -s conftest.o
configure:4203: $? = 0
configure:4214: result: yes
configure:4168: checking for unistd.h
configure:4184: gcc -c -g -O2  conftest.c >&5
configure:4190: $? = 0
configure:4194: test -z 
			 || test ! -s conftest.err
configure:4197: $? = 0
configure:4200: test -s conftest.o
configure:4203: $? = 0
configure:4214: result: yes
configure:4243: checking fcntl.h usability
configure:4255: gcc -c -g -O2  conftest.c >&5
configure:4261: $? = 0
configure:4265: test -z 
			 || test ! -s conftest.err
configure:4268: $? = 0
configure:4271: test -s conftest.o
configure:4274: $? = 0
configure:4284: result: yes
configure:4288: checking fcntl.h presence
configure:4298: gcc -E  conftest.c
configure:4304: $? = 0
configure:4324: result: yes
configure:4359: checking for fcntl.h
configure:4366: result: yes
configure:4234: checking for unistd.h
configure:4239: result: yes
configure:4243: checking getopt.h usability
configure:4255: gcc -c -g -O2  conftest.c >&5
configure:4261: $? = 0
configure:4265: test -z 
			 || test ! -s conftest.err
configure:4268: $? = 0
configure:4271: test -s conftest.o
configure:4274: $? = 0
configure:4284: result: yes
configure:4288: checking getopt.h presence
configure:4298: gcc -E  conftest.c
configure:4304: $? = 0
configure:4324: result: yes
configure:4359: checking for getopt.h
configure:4366: result: yes
configure:4243: checking time.h usability
configure:4255: gcc -c -g -O2  conftest.c >&5
configure:4261: $? = 0
configure:4265: test -z 
			 || test ! -s conftest.err
configure:4268: $? = 0
configure:4271: test -s conftest.o
configure:4274: $? = 0
configure:4284: result: yes
configure:4288: checking time.h presence
configure:4298: gcc -E  conftest.c
configure:4304: $? = 0
configure:4324: result: yes
configure:4359: checking for time.h
configure:4366: result: yes
configure:4395: checking linux/kdev_t.h usability
configure:4407: gcc -c -g -O2  conftest.c >&5
configure:4413: $? = 0
configure:4417: test -z 
			 || test ! -s conftest.err
configure:4420: $? = 0
configure:4423: test -s conftest.o
configure:4426: $? = 0
configure:4436: result: yes
configure:4440: checking linux/kdev_t.h presence
configure:4450: gcc -E  conftest.c
configure:4456: $? = 0
configure:4476: result: yes
configure:4511: checking for linux/kdev_t.h
configure:4518: result: yes
configure:4395: checking linux/major.h usability
configure:4407: gcc -c -g -O2  conftest.c >&5
configure:4413: $? = 0
configure:4417: test -z 
			 || test ! -s conftest.err
configure:4420: $? = 0
configure:4423: test -s conftest.o
configure:4426: $? = 0
configure:4436: result: yes
configure:4440: checking linux/major.h presence
configure:4450: gcc -E  conftest.c
configure:4456: $? = 0
configure:4476: result: yes
configure:4511: checking for linux/major.h
configure:4518: result: yes
configure:4395: checking sys/timeb.h usability
configure:4407: gcc -c -g -O2  conftest.c >&5
configure:4413: $? = 0
configure:4417: test -z 
			 || test ! -s conftest.err
configure:4420: $? = 0
configure:4423: test -s conftest.o
configure:4426: $? = 0
configure:4436: result: yes
configure:4440: checking sys/timeb.h presence
configure:4450: gcc -E  conftest.c
configure:4456: $? = 0
configure:4476: result: yes
configure:4511: checking for sys/timeb.h
configure:4518: result: yes
configure:4532: checking for pid_t
configure:4556: gcc -c -g -O2  conftest.c >&5
configure:4562: $? = 0
configure:4566: test -z 
			 || test ! -s conftest.err
configure:4569: $? = 0
configure:4572: test -s conftest.o
configure:4575: $? = 0
configure:4586: result: yes
configure:4599: checking return type of signal handlers
configure:4630: gcc -c -g -O2  conftest.c >&5
configure:4636: $? = 0
configure:4640: test -z 
			 || test ! -s conftest.err
configure:4643: $? = 0
configure:4646: test -s conftest.o
configure:4649: $? = 0
configure:4660: result: void
configure:4681: checking for select
configure:4738: gcc -o conftest -g -O2   conftest.c  >&5
configure:4744: $? = 0
configure:4748: test -z 
			 || test ! -s conftest.err
configure:4751: $? = 0
configure:4754: test -s conftest
configure:4757: $? = 0
configure:4769: result: yes
configure:4681: checking for strdup
configure:4738: gcc -o conftest -g -O2   conftest.c  >&5
conftest.c:54:6: warning: conflicting types for built-in function 'strdup' [enabled by default]
configure:4744: $? = 0
configure:4748: test -z 
			 || test ! -s conftest.err
configure:4751: $? = 0
configure:4754: test -s conftest
configure:4757: $? = 0
configure:4769: result: yes
configure:4681: checking for getopt_long
configure:4738: gcc -o conftest -g -O2   conftest.c  >&5
configure:4744: $? = 0
configure:4748: test -z 
			 || test ! -s conftest.err
configure:4751: $? = 0
configure:4754: test -s conftest
configure:4757: $? = 0
configure:4769: result: yes
configure:4681: checking for time
configure:4738: gcc -o conftest -g -O2   conftest.c  >&5
configure:4744: $? = 0
configure:4748: test -z 
			 || test ! -s conftest.err
configure:4751: $? = 0
configure:4754: test -s conftest
configure:4757: $? = 0
configure:4769: result: yes
configure:4681: checking for ctime
configure:4738: gcc -o conftest -g -O2   conftest.c  >&5
configure:4744: $? = 0
configure:4748: test -z 
			 || test ! -s conftest.err
configure:4751: $? = 0
configure:4754: test -s conftest
configure:4757: $? = 0
configure:4769: result: yes
configure:4681: checking for ftime
configure:4738: gcc -o conftest -g -O2   conftest.c  >&5
configure:4744: $? = 0
configure:4748: test -z 
			 || test ! -s conftest.err
configure:4751: $? = 0
configure:4754: test -s conftest
configure:4757: $? = 0
configure:4769: result: yes
configure:4681: checking for getpt
configure:4738: gcc -o conftest -g -O2   conftest.c  >&5
configure:4744: $? = 0
configure:4748: test -z 
			 || test ! -s conftest.err
configure:4751: $? = 0
configure:4754: test -s conftest
configure:4757: $? = 0
configure:4769: result: yes
configure:4681: checking for grantpt
configure:4738: gcc -o conftest -g -O2   conftest.c  >&5
configure:4744: $? = 0
configure:4748: test -z 
			 || test ! -s conftest.err
configure:4751: $? = 0
configure:4754: test -s conftest
configure:4757: $? = 0
configure:4769: result: yes
configure:4681: checking for unlockpt
configure:4738: gcc -o conftest -g -O2   conftest.c  >&5
configure:4744: $? = 0
configure:4748: test -z 
			 || test ! -s conftest.err
configure:4751: $? = 0
configure:4754: test -s conftest
configure:4757: $? = 0
configure:4769: result: yes
configure:4681: checking for ptsname
configure:4738: gcc -o conftest -g -O2   conftest.c  >&5
configure:4744: $? = 0
configure:4748: test -z 
			 || test ! -s conftest.err
configure:4751: $? = 0
configure:4754: test -s conftest
configure:4757: $? = 0
configure:4769: result: yes
configure:4794: checking sys/select.h usability
configure:4806: gcc -c -g -O2  conftest.c >&5
configure:4812: $? = 0
configure:4816: test -z 
			 || test ! -s conftest.err
configure:4819: $? = 0
configure:4822: test -s conftest.o
configure:4825: $? = 0
configure:4835: result: yes
configure:4839: checking sys/select.h presence
configure:4849: gcc -E  conftest.c
configure:4855: $? = 0
configure:4875: result: yes
configure:4910: checking for sys/select.h
configure:4917: result: yes
configure:4794: checking sys/socket.h usability
configure:4806: gcc -c -g -O2  conftest.c >&5
configure:4812: $? = 0
configure:4816: test -z 
			 || test ! -s conftest.err
configure:4819: $? = 0
configure:4822: test -s conftest.o
configure:4825: $? = 0
configure:4835: result: yes
configure:4839: checking sys/socket.h presence
configure:4849: gcc -E  conftest.c
configure:4855: $? = 0
configure:4875: result: yes
configure:4910: checking for sys/socket.h
configure:4917: result: yes
configure:4930: checking types of arguments for select
configure:4963: gcc -c -g -O2  conftest.c >&5
configure:4969: $? = 0
configure:4973: test -z 
			 || test ! -s conftest.err
configure:4976: $? = 0
configure:4979: test -s conftest.o
configure:4982: $? = 0
configure:4998: result: int,fd_set *,struct timeval *
configure:5130: creating ./config.status

## ---------------------- ##
## Running config.status. ##
## ---------------------- ##

This file was extended by config.status, which was
generated by GNU Autoconf 2.59.  Invocation command line was

  CONFIG_FILES    = 
  CONFIG_HEADERS  = 
  CONFIG_LINKS    = 
  CONFIG_COMMANDS = 
  $ ./config.status 

on box

config.status:683: creating Makefile
config.status:683: creating src/Makefile
config.status:787: creating config.h
config.status:957: config.h is unchanged
config.status:1121: executing depfiles commands

## ---------------- ##
## Cache variables. ##
## ---------------- ##

ac_cv_c_compiler_gnu=yes
ac_cv_env_CC_set=
ac_cv_env_CC_value=
ac_cv_env_CFLAGS_set=
ac_cv_env_CFLAGS_value=
ac_cv_env_CPPFLAGS_set=
ac_cv_env_CPPFLAGS_value=
ac_cv_env_CPP_set=
ac_cv_env_CPP_value=
ac_cv_env_LDFLAGS_set=
ac_cv_env_LDFLAGS_value=
ac_cv_env_build_alias_set=
ac_cv_env_build_alias_value=
ac_cv_env_host_alias_set=
ac_cv_env_host_alias_value=
ac_cv_env_target_alias_set=
ac_cv_env_target_alias_value=
ac_cv_exeext=
ac_cv_func_ctime=yes
ac_cv_func_ftime=yes
ac_cv_func_getopt_long=yes
ac_cv_func_getpt=yes
ac_cv_func_grantpt=yes
ac_cv_func_ptsname=yes
ac_cv_func_select=yes
ac_cv_func_select_args='int,fd_set *,struct timeval *'
ac_cv_func_strdup=yes
ac_cv_func_time=yes
ac_cv_func_unlockpt=yes
ac_cv_header_fcntl_h=yes
ac_cv_header_getopt_h=yes
ac_cv_header_inttypes_h=yes
ac_cv_header_linux_kdev_t_h=yes
ac_cv_header_linux_major_h=yes
ac_cv_header_memory_h=yes
ac_cv_header_stdc=yes
ac_cv_header_stdint_h=yes
ac_cv_header_stdlib_h=yes
ac_cv_header_string_h=yes
ac_cv_header_strings_h=yes
ac_cv_header_sys_select_h=yes
ac_cv_header_sys_socket_h=yes
ac_cv_header_sys_stat_h=yes
ac_cv_header_sys_timeb_h=yes
ac_cv_header_sys_types_h=yes
ac_cv_header_time_h=yes
ac_cv_header_unistd_h=yes
ac_cv_lib_cposix_strerror=no
ac_cv_objext=o
ac_cv_path_install='/usr/bin/install -c'
ac_cv_prog_AWK=gawk
ac_cv_prog_CPP='gcc -E'
ac_cv_prog_ac_ct_CC=gcc
ac_cv_prog_cc_g=yes
ac_cv_prog_cc_stdc=
ac_cv_prog_egrep='grep -E'
ac_cv_prog_make_make_set=yes
ac_cv_type_pid_t=yes
ac_cv_type_signal=void
am_cv_CC_dependencies_compiler_type=gcc3

## ----------------- ##
## Output variables. ##
## ----------------- ##

ACLOCAL='${SHELL} /home/rghunter/revo/ground/telem-wireshark/slsnif-0.4.4/missing --run aclocal-1.6'
AMDEPBACKSLASH='\'
AMDEP_FALSE='#'
AMDEP_TRUE=''
AMTAR='${SHELL} /home/rghunter/revo/ground/telem-wireshark/slsnif-0.4.4/missing --run tar'
AUTOCONF='${SHELL} /home/rghunter/revo/ground/telem-wireshark/slsnif-0.4.4/missing --run autoconf'
AUTOHEADER='${SHELL} /home/rghunter/revo/ground/telem-wireshark/slsnif-0.4.4/missing --run autoheader'
AUTOMAKE='${SHELL} /home/rghunter/revo/ground/telem-wireshark/slsnif-0.4.4/missing --run automake-1.6'
AWK='gawk'
CC='gcc'
CCDEPMODE='depmode=gcc3'
CFLAGS='-g -O2'
CPP='gcc -E'
CPPFLAGS=''
DEFS='-DHAVE_CONFIG_H'
DEPDIR='.deps'
ECHO_C=''
ECHO_N='-n'
ECHO_T=''
EGREP='grep -E'
EXEEXT=''
INSTALL_DATA='${INSTALL} -m 644'
INSTALL_PROGRAM='${INSTALL}'
INSTALL_SCRIPT='${INSTALL}'
INSTALL_STRIP_PROGRAM='${SHELL} $(install_sh) -c -s'
LDFLAGS=''
LIBOBJS=''
LIBS=''
LTLIBOBJS=''
MAKEINFO='${SHELL} /home/rghunter/revo/ground/telem-wireshark/slsnif-0.4.4/missing --run makeinfo'
OBJEXT='o'
PACKAGE='slsnif'
PACKAGE_BUGREPORT=''
PACKAGE_NAME=''
PACKAGE_STRING=''
PACKAGE_TARNAME=''
PACKAGE_VERSION=''
PATH_SEPARATOR=':'
SET_MAKE=''
SHELL='/bin/sh'
STRIP=''
VERSION='0.4.4'
ac_ct_CC='gcc'
ac_ct_STRIP=''
am__include='include'
am__quote=''
bindir='${exec_prefix}/bin'
build_alias=''
datadir='${prefix}/share'
exec_prefix='${prefix}'
host_alias=''
includedir='${prefix}/include'
infodir='${prefix}/info'
install_sh='/home/rghunter/revo/ground/telem-wireshark/slsnif-0.4.4/install-sh'
libdir='${exec_prefix}/lib'
libexecdir='${exec_prefix}/libexec'
localstatedir='${prefix}/var'
mandir='${prefix}/man'
oldincludedir='/usr/include'
prefix='/usr/local'
program_transform_name='s,x,x,'
sbindir='${exec_prefix}/sbin'
sharedstatedir='${prefix}/com'
sysconfdir='${prefix}/etc'
target_alias=''

## ----------- ##
## confdefs.h. ##
## ----------- ##

#define HAVE_CTIME 1
#define HAVE_FCNTL_H 1
#define HAVE_FTIME 1
#define HAVE_GETOPT_H 1
#define HAVE_GETOPT_LONG 1
#define HAVE_GETPT 1
#define HAVE_GRANTPT 1
#define HAVE_INTTYPES_H 1
#define HAVE_LINUX_KDEV_T_H 1
#define HAVE_LINUX_MAJOR_H 1
#define HAVE_MEMORY_H 1
#define HAVE_PTSNAME 1
#define HAVE_SELECT 1
#define HAVE_STDINT_H 1
#define HAVE_STDLIB_H 1
#define HAVE_STRDUP 1
#define HAVE_STRINGS_H 1
#define HAVE_STRING_H 1
#define HAVE_SYS_SELECT_H 1
#define HAVE_SYS_SOCKET_H 1
#define HAVE_SYS_STAT_H 1
#define HAVE_SYS_TIMEB_H 1
#define HAVE_SYS_TYPES_H 1
#define HAVE_TIME 1
#define HAVE_TIME_H 1
#define HAVE_UNISTD_H 1
#define HAVE_UNISTD_H 1
#define HAVE_UNLOCKPT 1
#define PACKAGE "slsnif"
#define PACKAGE_BUGREPORT ""
#define PACKAGE_NAME ""
#define PACKAGE_STRING ""
#define PACKAGE_TARNAME ""
#define PACKAGE_VERSION ""
#define RETSIGTYPE void
#define SELECT_TYPE_ARG1 int
#define SELECT_TYPE_ARG234 (fd_set *)
#define SELECT_TYPE_ARG5 (struct timeval *)
#define STDC_HEADERS 1
#define VERSION "0.4.4"

configure: exit 0
